<?xml version="1.0" encoding="UTF-8"?>
<testsuite xmlns:xsi="http://www.w3.org/2001/XMLSchema-instance" xsi:schemaLocation="https://maven.apache.org/surefire/maven-surefire-plugin/xsd/surefire-test-report.xsd" name="RunCukesTest" time="30.973" tests="61" errors="0" skipped="0" failures="0">
  <properties>
[...]
</properties>
  <testcase name="Given La API está disponible" classname="Scenario: Un mensaje de error correcto es proporcionado  cuando el orden no existe" time="0.004"/>
  <testcase name="When Busco un pedido con el identificador &apos;15787678&apos;" classname="Scenario: Un mensaje de error correcto es proporcionado  cuando el orden no existe" time="0"/>
  <testcase name="Then las respuestas contendrán el valor &apos;Order not found&apos;para el campo&apos;message&apos;" classname="Scenario: Un mensaje de error correcto es proporcionado  cuando el orden no existe" time="0"/>
  <testcase name="Scenario: Un mensaje de error correcto es proporcionado  cuando el orden no existe" classname="Scenario: Un mensaje de error correcto es proporcionado  cuando el orden no existe" time="0.001"/>
  <testcase name="Given La API está disponible" classname="Scenario: Los usuarios pueden crear un pedido" time="0"/>
  <testcase name="When Creo un pedido de mascota con el identificador &apos;58&apos;" classname="Scenario: Los usuarios pueden crear un pedido" time="0"/>
  <testcase name="Then La respuesta del pedido tiene &apos;200&apos; response code" classname="Scenario: Los usuarios pueden crear un pedido" time="0"/>
  <testcase name="And La respuesta del pedido contiene la información correcta" classname="Scenario: Los usuarios pueden crear un pedido" time="0.005"/>
  <testcase name="Scenario: Los usuarios pueden crear un pedido" classname="Scenario: Los usuarios pueden crear un pedido" time="0.005"/>
  <testcase name="Given el pedido existe para una mascota" classname="Scenario: Los usuarios pueden buscar pedidos según id" time="0"/>
  <testcase name="When busco el pedido según identificador" classname="Scenario: Los usuarios pueden buscar pedidos según id" time="0.001"/>
  <testcase name="Then el pedido completo es devuelto" classname="Scenario: Los usuarios pueden buscar pedidos según id" time="0"/>
  <testcase name="Scenario: Los usuarios pueden buscar pedidos según id" classname="Scenario: Los usuarios pueden buscar pedidos según id" time="0.001"/>
  <testcase name="Given el gato está&apos;available&apos;" classname="Scenario: Los usuarios pueden pedir mascotas disponibles" time="0"/>
  <testcase name="Then Puedo pedir un gato" classname="Scenario: Los usuarios pueden pedir mascotas disponibles" time="0.003"/>
  <testcase name="Scenario: Los usuarios pueden pedir mascotas disponibles" classname="Scenario: Los usuarios pueden pedir mascotas disponibles" time="0.004"/>
  <testcase name="Given La API está disponible" classname="Scenario: Los usuarios pueden añadir mascotas" time="0"/>
  <testcase name="When Añado una mascota al sistema" classname="Scenario: Los usuarios pueden añadir mascotas" time="0"/>
  <testcase name="Then la peticion máscota tiene &apos;200&apos; response code" classname="Scenario: Los usuarios pueden añadir mascotas" time="0"/>
  <testcase name="And la respuesta de la mascota contiene la informacion correcta" classname="Scenario: Los usuarios pueden añadir mascotas" time="0"/>
  <testcase name="Scenario: Los usuarios pueden añadir mascotas" classname="Scenario: Los usuarios pueden añadir mascotas" time="0"/>
  <testcase name="Given la mascota existe" classname="Scenario: Los usuarios pueden borrar mascotas" time="0"/>
  <testcase name="When Borro la mascota" classname="Scenario: Los usuarios pueden borrar mascotas" time="0"/>
  <testcase name="And entonces busco mascota por su identificador" classname="Scenario: Los usuarios pueden borrar mascotas" time="0"/>
  <testcase name="Then las respuestas contendrán el valor &apos;Pet not found&apos;para el campo&apos;message&apos;" classname="Scenario: Los usuarios pueden borrar mascotas" time="0"/>
  <testcase name="Scenario: Los usuarios pueden borrar mascotas" classname="Scenario: Los usuarios pueden borrar mascotas" time="0"/>
  <testcase name="Given La API está disponible" classname="Scenario: Los usuarios pueden añadir mascotas con varias etiquetas" time="0.003"/>
  <testcase name="Then Puedo añadir una mascota con muchas etiquetas" classname="Scenario: Los usuarios pueden añadir mascotas con varias etiquetas" time="0"/>
  <testcase name="Scenario: Los usuarios pueden añadir mascotas con varias etiquetas" classname="Scenario: Los usuarios pueden añadir mascotas con varias etiquetas" time="0"/>
  <testcase name="Given La API está disponible" classname="Scenario: Los usuarios pueden añadir mascotas sin etiquetas" time="0"/>
  <testcase name="Then Puedo insertar una mascota sin etiquetas" classname="Scenario: Los usuarios pueden añadir mascotas sin etiquetas" time="0"/>
  <testcase name="Scenario: Los usuarios pueden añadir mascotas sin etiquetas" classname="Scenario: Los usuarios pueden añadir mascotas sin etiquetas" time="0"/>
  <testcase name="Given La API está disponible" classname="Scenario: Los ids son autogenerados cuando no se proporcionan para una mscota" time="0"/>
  <testcase name="When Añado una mascota al sistema sin identificador" classname="Scenario: Los ids son autogenerados cuando no se proporcionan para una mscota" time="0"/>
  <testcase name="Then Un id es autogenerado para la mascota" classname="Scenario: Los ids son autogenerados cuando no se proporcionan para una mscota" time="0"/>
  <testcase name="Scenario: Los ids son autogenerados cuando no se proporcionan para una mscota" classname="Scenario: Los ids son autogenerados cuando no se proporcionan para una mscota" time="0.001"/>
  <testcase name="Given La API está disponible" classname="Scenario: Inserto una mascota con información incorrecta y devuelve un 400" time="0"/>
  <testcase name="When Añado una mascota y la información es incorrecta &apos;{&apos;" classname="Scenario: Inserto una mascota con información incorrecta y devuelve un 400" time="0"/>
  <testcase name="Then la peticion máscota tiene &apos;400&apos; response code" classname="Scenario: Inserto una mascota con información incorrecta y devuelve un 400" time="0"/>
  <testcase name="Then las respuestas contendrán el valor &apos;bad input&apos;para el campo&apos;message&apos;" classname="Scenario: Inserto una mascota con información incorrecta y devuelve un 400" time="0"/>
  <testcase name="Scenario: Inserto una mascota con información incorrecta y devuelve un 400" classname="Scenario: Inserto una mascota con información incorrecta y devuelve un 400" time="0"/>
  <testcase name="Given Un usuario valido existe" classname="Scenario: Los usuarios se pueden buscar por su username" time="0"/>
  <testcase name="When Busco un usuario por su username" classname="Scenario: Los usuarios se pueden buscar por su username" time="0"/>
  <testcase name="Then el usuario es localizado" classname="Scenario: Los usuarios se pueden buscar por su username" time="0"/>
  <testcase name="Scenario: Los usuarios se pueden buscar por su username" classname="Scenario: Los usuarios se pueden buscar por su username" time="0"/>
  <testcase name="Given La API está disponible" classname="Scenario: Un usuario puede iniciar sesión" time="0"/>
  <testcase name="When Intento iniciar sesion" classname="Scenario: Un usuario puede iniciar sesión" time="0"/>
  <testcase name="Then Verifico inicio sesion" classname="Scenario: Un usuario puede iniciar sesión" time="0"/>
  <testcase name="Scenario: Un usuario puede iniciar sesión" classname="Scenario: Un usuario puede iniciar sesión" time="0"/>
  <testcase name="Given La API está disponible" classname="Scenario: Un usuario puede cerrar sesión" time="0"/>
  <testcase name="Then Verifico cierre sesion" classname="Scenario: Un usuario puede cerrar sesión" time="0.001"/>
  <testcase name="Scenario: Un usuario puede cerrar sesión" classname="Scenario: Un usuario puede cerrar sesión" time="0.001"/>
  <testcase name="When envio peticion crear usuario" classname="Scenario: Puedo crear un usuario" time="0"/>
  <testcase name="Then verifico usuario creado" classname="Scenario: Puedo crear un usuario" time="0"/>
  <testcase name="Scenario: Puedo crear un usuario" classname="Scenario: Puedo crear un usuario" time="0"/>
  <testcase name="When envio peticion borrar usuario" classname="Scenario: Puedo borrar un usuario" time="0"/>
  <testcase name="Then verifico usuario borrado" classname="Scenario: Puedo borrar un usuario" time="0"/>
  <testcase name="Scenario: Puedo borrar un usuario" classname="Scenario: Puedo borrar un usuario" time="0"/>
  <testcase name="When envio peticion actualizar usuario" classname="Scenario: Puedo actualizar un usuario" time="0"/>
  <testcase name="Then verifico actualizado" classname="Scenario: Puedo actualizar un usuario" time="0"/>
  <testcase name="Scenario: Puedo actualizar un usuario" classname="Scenario: Puedo actualizar un usuario" time="0.001"/>
</testsuite>